<?xml version="1.0" encoding="UTF-8"?>
<testsuite xmlns:xsi="http://www.w3.org/2001/XMLSchema-instance" xsi:noNamespaceSchemaLocation="https://maven.apache.org/surefire/maven-surefire-plugin/xsd/surefire-test-report-3.0.xsd" version="3.0" name="Create New Employee API" time="4.874" tests="2" errors="2" skipped="0" failures="0">
  <properties>
[...]
</properties>
  <testcase name="Verify User able to create new employee #1" classname="Create New Employee API" time="2.006">
    <error type="java.lang.NullPointerException"><![CDATA[java.lang.NullPointerException
	at java.base/java.io.StringReader.<init>(StringReader.java:50)
	at org.json.JSONTokener.<init>(JSONTokener.java:66)
	at org.json.JSONObject.<init>(JSONObject.java:402)
	at com.noorteck.qa.utils.APIUtils.modifyTestData(APIUtils.java:413)
	at com.noorteck.qa.utils.APIUtils.getRequestBody(APIUtils.java:350)
	at com.noorteck.qa.utils.APIUtils.setRequestBodyTestData(APIUtils.java:242)
	at com.noorteck.qa.steps.CommonAPISteps.setRequestBody(CommonAPISteps.java:50)
	at ✽.User sets request body 'EmpTestData:scrum:0'(file:///C:/Users/godso/random%20workspace/New%20folder/NooRteck-API-RestAssured-Version3/src/test/resources/hr/US100-CreateNewEmployee.feature:8)
]]></error>
    <system-out><![CDATA[
@CreateEmpNew
Scenario Outline: Verify User able to create new employee         # src/test/resources/hr/US100-CreateNewEmployee.feature:19
  Given User set "Employee:PostNewEmp" "scrum" webservice api     # com.noorteck.qa.steps.CommonAPISteps.setUpAPI(java.lang.String,java.lang.String)
  When User sets Header Parameters                                # com.noorteck.qa.steps.CommonAPISteps.setHeaders(io.cucumber.datatable.DataTable)
request body object fields: {"firstName":"","lastName":"","jobId":"","hireDate":"","comissionPct":0,"phoneNumber":"","departmentId":0,"managerId":0,"salary":0,"email":""}
  And User sets request body 'EmpTestData:scrum:0'                # com.noorteck.qa.steps.CommonAPISteps.setRequestBody(java.lang.String)
      java.lang.NullPointerException
	at java.base/java.io.StringReader.<init>(StringReader.java:50)
	at org.json.JSONTokener.<init>(JSONTokener.java:66)
	at org.json.JSONObject.<init>(JSONObject.java:402)
	at com.noorteck.qa.utils.APIUtils.modifyTestData(APIUtils.java:413)
	at com.noorteck.qa.utils.APIUtils.getRequestBody(APIUtils.java:350)
	at com.noorteck.qa.utils.APIUtils.setRequestBodyTestData(APIUtils.java:242)
	at com.noorteck.qa.steps.CommonAPISteps.setRequestBody(CommonAPISteps.java:50)
	at âœ½.User sets request body 'EmpTestData:scrum:0'(file:///C:/Users/godso/random%20workspace/New%20folder/NooRteck-API-RestAssured-Version3/src/test/resources/hr/US100-CreateNewEmployee.feature:8)

  When User sends POST request                                    # com.noorteck.qa.steps.CommonAPISteps.makePOSTrequest()
  Then User validates status code "201"                           # com.noorteck.qa.steps.CommonAPISteps.validateStatusCode(java.lang.String)
  And User validates response body field                          # com.noorteck.qa.steps.CommonAPISteps.validateResponseBody(io.cucumber.datatable.DataTable)
  And User validates cross validates against application database # com.noorteck.qa.steps.CommonAPISteps.crossValidateAgainstAppDB()
]]></system-out>
    <system-err><![CDATA[java.nio.file.NoSuchFileException: src\test\resources\src\test\resources\.\NoorTeck-RestAssured-Maven\src\test\resources\data\emp-api\EmpTestData.json.json
	at java.base/sun.nio.fs.WindowsException.translateToIOException(WindowsException.java:85)
	at java.base/sun.nio.fs.WindowsException.rethrowAsIOException(WindowsException.java:103)
	at java.base/sun.nio.fs.WindowsException.rethrowAsIOException(WindowsException.java:108)
	at java.base/sun.nio.fs.WindowsFileSystemProvider.newByteChannel(WindowsFileSystemProvider.java:235)
	at java.base/java.nio.file.Files.newByteChannel(Files.java:371)
	at java.base/java.nio.file.Files.newByteChannel(Files.java:422)
	at java.base/java.nio.file.Files.readAllBytes(Files.java:3206)
	at com.noorteck.qa.utils.JsonFileUtils.jsonToStrConvertion(JsonFileUtils.java:29)
	at com.noorteck.qa.utils.APIUtils.modifyTestData(APIUtils.java:412)
	at com.noorteck.qa.utils.APIUtils.getRequestBody(APIUtils.java:350)
	at com.noorteck.qa.utils.APIUtils.setRequestBodyTestData(APIUtils.java:242)
	at com.noorteck.qa.steps.CommonAPISteps.setRequestBody(CommonAPISteps.java:50)
	at java.base/jdk.internal.reflect.NativeMethodAccessorImpl.invoke0(Native Method)
	at java.base/jdk.internal.reflect.NativeMethodAccessorImpl.invoke(NativeMethodAccessorImpl.java:62)
	at java.base/jdk.internal.reflect.DelegatingMethodAccessorImpl.invoke(DelegatingMethodAccessorImpl.java:43)
	at java.base/java.lang.reflect.Method.invoke(Method.java:566)
	at io.cucumber.java.Invoker.doInvoke(Invoker.java:66)
	at io.cucumber.java.Invoker.invoke(Invoker.java:24)
	at io.cucumber.java.AbstractGlueDefinition.invokeMethod(AbstractGlueDefinition.java:44)
	at io.cucumber.java.JavaStepDefinition.execute(JavaStepDefinition.java:29)
	at io.cucumber.core.runner.CoreStepDefinition.execute(CoreStepDefinition.java:64)
	at io.cucumber.core.runner.PickleStepDefinitionMatch.runStep(PickleStepDefinitionMatch.java:63)
	at io.cucumber.core.runner.TestStep.executeStep(TestStep.java:92)
	at io.cucumber.core.runner.TestStep.run(TestStep.java:63)
	at io.cucumber.core.runner.PickleStepTestStep.run(PickleStepTestStep.java:49)
	at io.cucumber.core.runner.TestCase.run(TestCase.java:99)
	at io.cucumber.core.runner.Runner.runPickle(Runner.java:71)
	at io.cucumber.junit.PickleRunners$NoStepDescriptions.run(PickleRunners.java:151)
	at io.cucumber.junit.FeatureRunner.runChild(FeatureRunner.java:135)
	at io.cucumber.junit.FeatureRunner.runChild(FeatureRunner.java:27)
	at org.junit.runners.ParentRunner$4.run(ParentRunner.java:331)
	at org.junit.runners.ParentRunner$1.schedule(ParentRunner.java:79)
	at org.junit.runners.ParentRunner.runChildren(ParentRunner.java:329)
	at org.junit.runners.ParentRunner.access$100(ParentRunner.java:66)
	at org.junit.runners.ParentRunner$2.evaluate(ParentRunner.java:293)
	at org.junit.runners.ParentRunner$3.evaluate(ParentRunner.java:306)
	at org.junit.runners.ParentRunner.run(ParentRunner.java:413)
	at io.cucumber.junit.Cucumber.runChild(Cucumber.java:198)
	at io.cucumber.junit.Cucumber.runChild(Cucumber.java:90)
	at org.junit.runners.ParentRunner$4.run(ParentRunner.java:331)
	at org.junit.runners.ParentRunner$1.schedule(ParentRunner.java:79)
	at org.junit.runners.ParentRunner.runChildren(ParentRunner.java:329)
	at org.junit.runners.ParentRunner.access$100(ParentRunner.java:66)
	at org.junit.runners.ParentRunner$2.evaluate(ParentRunner.java:293)
	at io.cucumber.junit.Cucumber$RunCucumber.evaluate(Cucumber.java:233)
	at org.junit.runners.ParentRunner$3.evaluate(ParentRunner.java:306)
	at org.junit.runners.ParentRunner.run(ParentRunner.java:413)
	at org.junit.runners.Suite.runChild(Suite.java:128)
	at org.junit.runners.Suite.runChild(Suite.java:27)
	at org.junit.runners.ParentRunner$4.run(ParentRunner.java:331)
	at org.junit.runners.ParentRunner$1.schedule(ParentRunner.java:79)
	at org.junit.runners.ParentRunner.runChildren(ParentRunner.java:329)
	at org.junit.runners.ParentRunner.access$100(ParentRunner.java:66)
	at org.junit.runners.ParentRunner$2.evaluate(ParentRunner.java:293)
	at org.junit.runners.ParentRunner$3.evaluate(ParentRunner.java:306)
	at org.junit.runners.ParentRunner.run(ParentRunner.java:413)
	at org.apache.maven.surefire.junitcore.JUnitCore.run(JUnitCore.java:55)
	at org.apache.maven.surefire.junitcore.JUnitCoreWrapper.createRequestAndRun(JUnitCoreWrapper.java:137)
	at org.apache.maven.surefire.junitcore.JUnitCoreWrapper.executeEager(JUnitCoreWrapper.java:107)
	at org.apache.maven.surefire.junitcore.JUnitCoreWrapper.execute(JUnitCoreWrapper.java:83)
	at org.apache.maven.surefire.junitcore.JUnitCoreWrapper.execute(JUnitCoreWrapper.java:75)
	at org.apache.maven.surefire.junitcore.JUnitCoreProvider.invoke(JUnitCoreProvider.java:158)
	at org.apache.maven.surefire.booter.ForkedBooter.runSuitesInProcess(ForkedBooter.java:456)
	at org.apache.maven.surefire.booter.ForkedBooter.execute(ForkedBooter.java:169)
	at org.apache.maven.surefire.booter.ForkedBooter.run(ForkedBooter.java:595)
	at org.apache.maven.surefire.booter.ForkedBooter.main(ForkedBooter.java:581)
]]></system-err>
  </testcase>
  <testcase name="Verify User able to create new employee #2" classname="Create New Employee API" time="0.53">
    <error type="java.lang.NullPointerException"><![CDATA[java.lang.NullPointerException
	at java.base/java.io.StringReader.<init>(StringReader.java:50)
	at org.json.JSONTokener.<init>(JSONTokener.java:66)
	at org.json.JSONObject.<init>(JSONObject.java:402)
	at com.noorteck.qa.utils.APIUtils.modifyTestData(APIUtils.java:413)
	at com.noorteck.qa.utils.APIUtils.getRequestBody(APIUtils.java:350)
	at com.noorteck.qa.utils.APIUtils.setRequestBodyTestData(APIUtils.java:242)
	at com.noorteck.qa.steps.CommonAPISteps.setRequestBody(CommonAPISteps.java:50)
	at ✽.User sets request body 'EmpTestData:scrum:1'(file:///C:/Users/godso/random%20workspace/New%20folder/NooRteck-API-RestAssured-Version3/src/test/resources/hr/US100-CreateNewEmployee.feature:8)
]]></error>
    <system-out><![CDATA[
@CreateEmpNew
Scenario Outline: Verify User able to create new employee         # src/test/resources/hr/US100-CreateNewEmployee.feature:20
  Given User set "Employee:PostNewEmp" "scrum" webservice api     # com.noorteck.qa.steps.CommonAPISteps.setUpAPI(java.lang.String,java.lang.String)
  When User sets Header Parameters                                # com.noorteck.qa.steps.CommonAPISteps.setHeaders(io.cucumber.datatable.DataTable)
request body object fields: {"firstName":"","lastName":"","jobId":"","hireDate":"","comissionPct":0,"phoneNumber":"","departmentId":0,"managerId":0,"salary":0,"email":""}
  And User sets request body 'EmpTestData:scrum:1'                # com.noorteck.qa.steps.CommonAPISteps.setRequestBody(java.lang.String)
      java.lang.NullPointerException
	at java.base/java.io.StringReader.<init>(StringReader.java:50)
	at org.json.JSONTokener.<init>(JSONTokener.java:66)
	at org.json.JSONObject.<init>(JSONObject.java:402)
	at com.noorteck.qa.utils.APIUtils.modifyTestData(APIUtils.java:413)
	at com.noorteck.qa.utils.APIUtils.getRequestBody(APIUtils.java:350)
	at com.noorteck.qa.utils.APIUtils.setRequestBodyTestData(APIUtils.java:242)
	at com.noorteck.qa.steps.CommonAPISteps.setRequestBody(CommonAPISteps.java:50)
	at âœ½.User sets request body 'EmpTestData:scrum:1'(file:///C:/Users/godso/random%20workspace/New%20folder/NooRteck-API-RestAssured-Version3/src/test/resources/hr/US100-CreateNewEmployee.feature:8)

  When User sends POST request                                    # com.noorteck.qa.steps.CommonAPISteps.makePOSTrequest()
  Then User validates status code "201"                           # com.noorteck.qa.steps.CommonAPISteps.validateStatusCode(java.lang.String)
  And User validates response body field                          # com.noorteck.qa.steps.CommonAPISteps.validateResponseBody(io.cucumber.datatable.DataTable)
  And User validates cross validates against application database # com.noorteck.qa.steps.CommonAPISteps.crossValidateAgainstAppDB()
]]></system-out>
    <system-err><![CDATA[java.nio.file.NoSuchFileException: src\test\resources\src\test\resources\.\NoorTeck-RestAssured-Maven\src\test\resources\data\emp-api\EmpTestData.json.json
	at java.base/sun.nio.fs.WindowsException.translateToIOException(WindowsException.java:85)
	at java.base/sun.nio.fs.WindowsException.rethrowAsIOException(WindowsException.java:103)
	at java.base/sun.nio.fs.WindowsException.rethrowAsIOException(WindowsException.java:108)
	at java.base/sun.nio.fs.WindowsFileSystemProvider.newByteChannel(WindowsFileSystemProvider.java:235)
	at java.base/java.nio.file.Files.newByteChannel(Files.java:371)
	at java.base/java.nio.file.Files.newByteChannel(Files.java:422)
	at java.base/java.nio.file.Files.readAllBytes(Files.java:3206)
	at com.noorteck.qa.utils.JsonFileUtils.jsonToStrConvertion(JsonFileUtils.java:29)
	at com.noorteck.qa.utils.APIUtils.modifyTestData(APIUtils.java:412)
	at com.noorteck.qa.utils.APIUtils.getRequestBody(APIUtils.java:350)
	at com.noorteck.qa.utils.APIUtils.setRequestBodyTestData(APIUtils.java:242)
	at com.noorteck.qa.steps.CommonAPISteps.setRequestBody(CommonAPISteps.java:50)
	at java.base/jdk.internal.reflect.NativeMethodAccessorImpl.invoke0(Native Method)
	at java.base/jdk.internal.reflect.NativeMethodAccessorImpl.invoke(NativeMethodAccessorImpl.java:62)
	at java.base/jdk.internal.reflect.DelegatingMethodAccessorImpl.invoke(DelegatingMethodAccessorImpl.java:43)
	at java.base/java.lang.reflect.Method.invoke(Method.java:566)
	at io.cucumber.java.Invoker.doInvoke(Invoker.java:66)
	at io.cucumber.java.Invoker.invoke(Invoker.java:24)
	at io.cucumber.java.AbstractGlueDefinition.invokeMethod(AbstractGlueDefinition.java:44)
	at io.cucumber.java.JavaStepDefinition.execute(JavaStepDefinition.java:29)
	at io.cucumber.core.runner.CoreStepDefinition.execute(CoreStepDefinition.java:64)
	at io.cucumber.core.runner.PickleStepDefinitionMatch.runStep(PickleStepDefinitionMatch.java:63)
	at io.cucumber.core.runner.TestStep.executeStep(TestStep.java:92)
	at io.cucumber.core.runner.TestStep.run(TestStep.java:63)
	at io.cucumber.core.runner.PickleStepTestStep.run(PickleStepTestStep.java:49)
	at io.cucumber.core.runner.TestCase.run(TestCase.java:99)
	at io.cucumber.core.runner.Runner.runPickle(Runner.java:71)
	at io.cucumber.junit.PickleRunners$NoStepDescriptions.run(PickleRunners.java:151)
	at io.cucumber.junit.FeatureRunner.runChild(FeatureRunner.java:135)
	at io.cucumber.junit.FeatureRunner.runChild(FeatureRunner.java:27)
	at org.junit.runners.ParentRunner$4.run(ParentRunner.java:331)
	at org.junit.runners.ParentRunner$1.schedule(ParentRunner.java:79)
	at org.junit.runners.ParentRunner.runChildren(ParentRunner.java:329)
	at org.junit.runners.ParentRunner.access$100(ParentRunner.java:66)
	at org.junit.runners.ParentRunner$2.evaluate(ParentRunner.java:293)
	at org.junit.runners.ParentRunner$3.evaluate(ParentRunner.java:306)
	at org.junit.runners.ParentRunner.run(ParentRunner.java:413)
	at io.cucumber.junit.Cucumber.runChild(Cucumber.java:198)
	at io.cucumber.junit.Cucumber.runChild(Cucumber.java:90)
	at org.junit.runners.ParentRunner$4.run(ParentRunner.java:331)
	at org.junit.runners.ParentRunner$1.schedule(ParentRunner.java:79)
	at org.junit.runners.ParentRunner.runChildren(ParentRunner.java:329)
	at org.junit.runners.ParentRunner.access$100(ParentRunner.java:66)
	at org.junit.runners.ParentRunner$2.evaluate(ParentRunner.java:293)
	at io.cucumber.junit.Cucumber$RunCucumber.evaluate(Cucumber.java:233)
	at org.junit.runners.ParentRunner$3.evaluate(ParentRunner.java:306)
	at org.junit.runners.ParentRunner.run(ParentRunner.java:413)
	at org.junit.runners.Suite.runChild(Suite.java:128)
	at org.junit.runners.Suite.runChild(Suite.java:27)
	at org.junit.runners.ParentRunner$4.run(ParentRunner.java:331)
	at org.junit.runners.ParentRunner$1.schedule(ParentRunner.java:79)
	at org.junit.runners.ParentRunner.runChildren(ParentRunner.java:329)
	at org.junit.runners.ParentRunner.access$100(ParentRunner.java:66)
	at org.junit.runners.ParentRunner$2.evaluate(ParentRunner.java:293)
	at org.junit.runners.ParentRunner$3.evaluate(ParentRunner.java:306)
	at org.junit.runners.ParentRunner.run(ParentRunner.java:413)
	at org.apache.maven.surefire.junitcore.JUnitCore.run(JUnitCore.java:55)
	at org.apache.maven.surefire.junitcore.JUnitCoreWrapper.createRequestAndRun(JUnitCoreWrapper.java:137)
	at org.apache.maven.surefire.junitcore.JUnitCoreWrapper.executeEager(JUnitCoreWrapper.java:107)
	at org.apache.maven.surefire.junitcore.JUnitCoreWrapper.execute(JUnitCoreWrapper.java:83)
	at org.apache.maven.surefire.junitcore.JUnitCoreWrapper.execute(JUnitCoreWrapper.java:75)
	at org.apache.maven.surefire.junitcore.JUnitCoreProvider.invoke(JUnitCoreProvider.java:158)
	at org.apache.maven.surefire.booter.ForkedBooter.runSuitesInProcess(ForkedBooter.java:456)
	at org.apache.maven.surefire.booter.ForkedBooter.execute(ForkedBooter.java:169)
	at org.apache.maven.surefire.booter.ForkedBooter.run(ForkedBooter.java:595)
	at org.apache.maven.surefire.booter.ForkedBooter.main(ForkedBooter.java:581)
]]></system-err>
  </testcase>
</testsuite>